(c) Copyright IBM Corporation 1993,2007
Command Line Processor for DB2 Client 11.5.8.0

You can issue database manager commands and SQL statements from the command 
prompt. For example:
    db2 => connect to sample
    db2 => bind sample.bnd

For general help, type: ?.
For command help, type: ? command, where command can be
the first few keywords of a database manager command. For example:
 ? CATALOG DATABASE for help on the CATALOG DATABASE command
 ? CATALOG          for help on all of the CATALOG commands.

To exit db2 interactive mode, type QUIT at the command prompt. Outside 
interactive mode, all commands must be prefixed with 'db2'.
To list the current command option settings, type LIST COMMAND OPTIONS.

For more detailed help, refer to the Online Reference Manual.

db2 => db2 => db2 => db2 => db2 => CONNECT TO cs421

   Database Connection Information

 Database server        = DB2/LINUXX8664 11.5.8.0
 SQL authorization ID   = CS421G21...
 Local database alias   = CS421


db2 => db2 => db2 => db2 => db2 => db2 => db2 => db2 => db2 (cont.) => db2 (cont.) => db2 (cont.) => db2 (cont.) => db2 (cont.) => CREATE TABLE Stadium ( sName VARCHAR(50) NOT NULL, location VARCHAR(100) NOT NULL, cap INT NOT NULL, PRIMARY KEY (sName) )
DB20000I  The SQL command completed successfully.

db2 => db2 => db2 (cont.) => db2 (cont.) => db2 (cont.) => db2 (cont.) => db2 (cont.) => db2 (cont.) => CREATE TABLE Team ( country VARCHAR(50) NOT NULL UNIQUE, nassoc INT NOT NULL, url VARCHAR(100), group VARCHAR(20), PRIMARY KEY (country) )
SQL0541W  The referential, primary key, or unique constraint "COUNTRY..." is 
ignored because it is a duplicate constraint.  SQLSTATE=01543

db2 => db2 => db2 (cont.) => db2 (cont.) => db2 (cont.) => db2 (cont.) => db2 (cont.) => db2 (cont.) => db2 (cont.) => CREATE TABLE TeamMem ( tid INT NOT NULL GENERATED ALWAYS AS IDENTITY (START WITH 1 INCREMENT BY 1), name VARCHAR(50) NOT NULL, dob DATE, country VARCHAR(50) NOT NULL, PRIMARY KEY (tid), FOREIGN KEY (country) REFERENCES Team(country) )
DB20000I  The SQL command completed successfully.

db2 => db2 => db2 (cont.) => db2 (cont.) => db2 (cont.) => db2 (cont.) => db2 (cont.) => db2 (cont.) => CREATE TABLE Player ( tid INT NOT NULL, shirtNum INT NOT NULL, genPos VARCHAR(35), PRIMARY KEY (tid), FOREIGN KEY (tid) REFERENCES TeamMem(tid) )
DB20000I  The SQL command completed successfully.

db2 => db2 => db2 (cont.) => db2 (cont.) => db2 (cont.) => db2 (cont.) => db2 (cont.) => CREATE TABLE Coach ( tid INT NOT NULL, role VARCHAR(50) NOT NULL, PRIMARY KEY (tid), FOREIGN KEY (tid) REFERENCES TeamMem(tid) )
DB20000I  The SQL command completed successfully.

db2 => db2 => db2 (cont.) => db2 (cont.) => db2 (cont.) => db2 (cont.) => db2 (cont.) => db2 (cont.) => CREATE TABLE Referee ( rid INT NOT NULL, name VARCHAR(50) NOT NULL, exp INT, origin VARCHAR(50), PRIMARY KEY (rid) )
DB20000I  The SQL command completed successfully.

db2 => db2 => db2 (cont.) => db2 (cont.) => db2 (cont.) => db2 (cont.) => db2 (cont.) => db2 (cont.) => db2 (cont.) => db2 (cont.) => db2 (cont.) => db2 (cont.) => db2 (cont.) => db2 (cont.) => db2 (cont.) => db2 (cont.) => db2 (cont.) => CREATE TABLE Match ( mid INT NOT NULL, date DATE NOT NULL, time TIME NOT NULL, length INT, team1 VARCHAR(50), team2 VARCHAR(50), round VARCHAR(35), team1Score INT, team2Score INT, sName VARCHAR(50) NOT NULL, PRIMARY KEY (mid), FOREIGN KEY (sName) REFERENCES Stadium(sName), FOREIGN KEY (team1) REFERENCES Team(country), FOREIGN KEY (team2) REFERENCES Team(country) )
DB20000I  The SQL command completed successfully.

db2 => db2 => db2 (cont.) => db2 (cont.) => db2 (cont.) => db2 (cont.) => db2 (cont.) => db2 (cont.) => db2 (cont.) => db2 (cont.) => db2 (cont.) => CREATE TABLE Goal ( mid INT NOT NULL, occur INT NOT NULL, isPenalty BOOLEAN NOT NULL, minute INT NOT NULL, player INT NOT NULL, PRIMARY KEY (mid, occur), FOREIGN KEY (mid) REFERENCES Match(mid), FOREIGN KEY (player) REFERENCES Player(tid) )
DB20000I  The SQL command completed successfully.

db2 => db2 => db2 (cont.) => db2 (cont.) => db2 (cont.) => db2 (cont.) => db2 (cont.) => db2 (cont.) => db2 (cont.) => db2 (cont.) => CREATE TABLE Ticket ( mid INT NOT NULL, seat VARCHAR(10) NOT NULL, price DECIMAL(8,2), date DATE NOT NULL, time TIME NOT NULL, PRIMARY KEY (mid, seat), FOREIGN KEY (mid) REFERENCES Match(mid) )
DB20000I  The SQL command completed successfully.

db2 => db2 => db2 (cont.) => db2 (cont.) => db2 (cont.) => db2 (cont.) => db2 (cont.) => db2 (cont.) => db2 (cont.) => db2 (cont.) => db2 (cont.) => CREATE TABLE Client ( cid INT NOT NULL, name VARCHAR(50) NOT NULL, email VARCHAR(100) NOT NULL, password VARCHAR(50) NOT NULL, langPref VARCHAR(10), address VARCHAR(100) NOT NULL, postal VARCHAR(20) NOT NULL, PRIMARY KEY (cid) )
DB20000I  The SQL command completed successfully.

db2 => db2 => db2 => db2 => db2 => db2 (cont.) => db2 (cont.) => db2 (cont.) => db2 (cont.) => db2 (cont.) => db2 (cont.) => db2 (cont.) => db2 (cont.) => db2 (cont.) => db2 (cont.) => db2 (cont.) => db2 (cont.) => CREATE TABLE plays ( playId INT NOT NULL, pos VARCHAR(35) NOT NULL, end VARCHAR(50) NOT NULL, start VARCHAR(50) NOT NULL, ycards INT, rcard INT, tid INT NOT NULL, mid INT NOT NULL, PRIMARY KEY (playId), FOREIGN KEY (tid) REFERENCES TeamMem(tid), FOREIGN KEY (mid) REFERENCES Match(mid) )
DB20000I  The SQL command completed successfully.

db2 => db2 => db2 (cont.) => db2 (cont.) => db2 (cont.) => db2 (cont.) => db2 (cont.) => db2 (cont.) => db2 (cont.) => CREATE TABLE refs ( rid INT NOT NULL, mid INT NOT NULL, role VARCHAR(35) NOT NULL, PRIMARY KEY (rid, mid), FOREIGN KEY (rid) REFERENCES Referee(rid), FOREIGN KEY (mid) REFERENCES Match(mid) )
DB20000I  The SQL command completed successfully.

db2 => db2 => db2 (cont.) => db2 (cont.) => db2 (cont.) => db2 (cont.) => db2 (cont.) => db2 (cont.) => db2 (cont.) => db2 (cont.) => db2 (cont.) => db2 (cont.) => CREATE TABLE buys ( mid INT NOT NULL, seat VARCHAR(10) NOT NULL, cid INT NOT NULL, date DATE NOT NULL, time TIME NOT NULL, txid INT NOT NULL, PRIMARY KEY (mid, seat, cid), FOREIGN KEY (cid) REFERENCES Client(cid), FOREIGN KEY (mid, seat) REFERENCES Ticket(mid, seat) )
DB20000I  The SQL command completed successfully.

db2 => 