(c) Copyright IBM Corporation 1993,2007
Command Line Processor for DB2 Client 11.5.8.0

You can issue database manager commands and SQL statements from the command 
prompt. For example:
    db2 => connect to sample
    db2 => bind sample.bnd

For general help, type: ?.
For command help, type: ? command, where command can be
the first few keywords of a database manager command. For example:
 ? CATALOG DATABASE for help on the CATALOG DATABASE command
 ? CATALOG          for help on all of the CATALOG commands.

To exit db2 interactive mode, type QUIT at the command prompt. Outside 
interactive mode, all commands must be prefixed with 'db2'.
To list the current command option settings, type LIST COMMAND OPTIONS.

For more detailed help, refer to the Online Reference Manual.

db2 => db2 => db2 => db2 => db2 => CONNECT TO cs421

   Database Connection Information

 Database server        = DB2/LINUXX8664 11.5.8.0
 SQL authorization ID   = CS421G21...
 Local database alias   = CS421


db2 => db2 => db2 => db2 => db2 => db2 => db2 => DROP TABLE buys
DB20000I  The SQL command completed successfully.

db2 => DROP TABLE plays
DB20000I  The SQL command completed successfully.

db2 => DROP TABLE refs
DB20000I  The SQL command completed successfully.

db2 => DROP TABLE Goal
DB20000I  The SQL command completed successfully.

db2 => DROP TABLE Ticket
DB20000I  The SQL command completed successfully.

db2 => DROP TABLE Player
DB20000I  The SQL command completed successfully.

db2 => DROP TABLE Coach
DB20000I  The SQL command completed successfully.

db2 => DROP TABLE TeamMem
DB20000I  The SQL command completed successfully.

db2 => DROP TABLE Match
DB20000I  The SQL command completed successfully.

db2 => DROP TABLE Stadium
DB20000I  The SQL command completed successfully.

db2 => DROP TABLE Referee
DB20000I  The SQL command completed successfully.

db2 => DROP TABLE Team
DB20000I  The SQL command completed successfully.

db2 => DROP TABLE Client
DB20000I  The SQL command completed successfully.

db2 => db2 => 